-- info [8, 5, 7]
-- info [9, 15, 7]
-- info [10, 9, 7]
-- info [11, 25, 7]
-- info [11, 25, 0]
-- info [11, 2, 7]
-- info [11, 2, 0]
-- info [11, 27, 7]
-- info [11, 27, 0]
-- info [11, 21, 7]
-- info [11, 21, 0]
-- info [11, 22, 7]
-- info [11, 22, 0]
-- info [11, 3, 7]
-- info [12, 31, 7]
-- info [13, 14, 7]
-- info [13, 14, 0]
-- info [13, 25, 7]
-- info [13, 25, 0]
-- info [13, 16, 7]
-- info [13, 16, 0]
-- info [13, 25, 7]
-- info [13, 25, 0]
-- info [13, 24, 7]
-- info [13, 24, 0]
-- info [13, 2, 7]
-- info [13, 2, 0]
-- info [13, 24, 7]
-- info [13, 24, 0]
-- info [13, 25, 7]
-- info [13, 25, 0]
-- info [13, 2, 7]
-- info [13, 2, 0]
-- info [13, 13, 7]
-- info [13, 13, 0]
-- info [13, 13, 7]
-- info [13, 13, 0]
-- info [13, 13, 7]
-- info [13, 13, 0]
-- info [13, 24, 7]
-- info [13, 24, 0]
-- info [13, 25, 7]
-- info [13, 25, 0]
-- info [13, 2, 7]
-- info [13, 2, 0]
-- info [13, 25, 7]
-- info [13, 25, 0]
-- info [13, 13, 7]
-- info [13, 13, 0]
-- info [13, 13, 7]
-- info [13, 13, 0]
-- info [13, 24, 7]
-- info [13, 24, 0]
-- info [13, 6, 7]
-- info [13, 6, 0]
