qx2rtkp2 (RTKLIB 2.4.2)

QX_VERSION            = 1
DECYM                 = 0
MAX_PHASE             = 9000000
DBG_CAR_CLK_ERR_COR   = 0
DBG_RNG_CLK_ERR_COR   = 0
READING BRDC :
  brdc3540.14n
READING .qx  :
  meas.bo
chan_num = 16
isGalileo = 0
*** filtered biases file not found or open error (meas.bo_preBias.csv-ft.csv)
Out files:
  meas.bo_ch00.csv
  meas.bo_ch01.csv
  meas.bo_ch02.csv
  meas.bo_ch03.csv
  meas.bo_ch04.csv
  meas.bo_ch05.csv
  meas.bo_ch06.csv
  meas.bo_ch07.csv
  meas.bo_ch08.csv
  meas.bo_ch09.csv
  meas.bo_ch10.csv
  meas.bo_ch11.csv
  meas.bo_ch12.csv
  meas.bo_ch13.csv
  meas.bo_ch14.csv
  meas.bo_ch15.csv
--
reading files ...
IONO: 2.887e-08 2.235e-08 -1.192e-07 5.96e-08 153600 -196600 -65540 393200 
-- 518401 rst carr sat 2
-- 518401 rst carr sat 24
-- 518401 rst carr sat 6
-- 518401 rst carr sat 29
-- 518401 rst carr sat 14
-- 518401 rst carr sat 25
-- 518401 rst carr sat 12
TOW: 518401 tm: 2014/12/20 00:00:01.226 
TOW: 518411 tm: 2014/12/20 00:00:11.276 
TOW: 518421 tm: 2014/12/20 00:00:21.326 
TOW: 518431 tm: 2014/12/20 00:00:31.376 
TOW: 518441 tm: 2014/12/20 00:00:41.426 
TOW: 518451 tm: 2014/12/20 00:00:51.476 
TOW: 518461 tm: 2014/12/20 00:01:01.526 
TOW: 518471 tm: 2014/12/20 00:01:11.576 
TOW: 518481 tm: 2014/12/20 00:01:21.626 
TOW: 518491 tm: 2014/12/20 00:01:31.676 
TOW: 518501 tm: 2014/12/20 00:01:41.726 
TOW: 518511 tm: 2014/12/20 00:01:51.776 
TOW: 518521 tm: 2014/12/20 00:02:01.826 
TOW: 518531 tm: 2014/12/20 00:02:11.876 
TOW: 518541 tm: 2014/12/20 00:02:21.926 
TOW: 518551 tm: 2014/12/20 00:02:31.976 
TOW: 518562 tm: 2014/12/20 00:02:42.026 
TOW: 518572 tm: 2014/12/20 00:02:52.076 
TOW: 518582 tm: 2014/12/20 00:03:02.126 
TOW: 518592 tm: 2014/12/20 00:03:12.176 
TOW: 518602 tm: 2014/12/20 00:03:22.226 
TOW: 518612 tm: 2014/12/20 00:03:32.276 
TOW: 518622 tm: 2014/12/20 00:03:42.326 
TOW: 518632 tm: 2014/12/20 00:03:52.376 
TOW: 518642 tm: 2014/12/20 00:04:02.426 
TOW: 518652 tm: 2014/12/20 00:04:12.476 
TOW: 518662 tm: 2014/12/20 00:04:22.526 
TOW: 518672 tm: 2014/12/20 00:04:32.576 
TOW: 518682 tm: 2014/12/20 00:04:42.626 
TOW: 518692 tm: 2014/12/20 00:04:52.676 
TOW: 518702 tm: 2014/12/20 00:05:02.726 
TOW: 518712 tm: 2014/12/20 00:05:12.776 
TOW: 518722 tm: 2014/12/20 00:05:22.826 
TOW: 518732 tm: 2014/12/20 00:05:32.876 
TOW: 518742 tm: 2014/12/20 00:05:42.926 
TOW: 518752 tm: 2014/12/20 00:05:52.976 
TOW: 518763 tm: 2014/12/20 00:06:03.026 
TOW: 518773 tm: 2014/12/20 00:06:13.076 
TOW: 518783 tm: 2014/12/20 00:06:23.126 
TOW: 518793 tm: 2014/12/20 00:06:33.176 
TOW: 518803 tm: 2014/12/20 00:06:43.226 
TOW: 518813 tm: 2014/12/20 00:06:53.276 
EOF 
num_obs = 19612
DONE
