adc_track L5 start
uart_err 0
hv ver: 5.EE

------
WARNING: WRONG HW_VERSION! (0x5E8), CHANGE TO 0x5EE !  
-----
RCV_TYPE = 1
SEL_MAX = 2
BAND_L1 = 0
RF_FREQ_ERR = -25
MIX_MODE = 3
F_SAMPLE = 40920000
CHIP_DIV = 2
CHIP_RATE = 10230000
SEQ_RATE = 1000
CODE_LEN = 10230
I_FREQ = 255750
CODE_SCAN_TM = 4095 ms
--
CHAN: 10, PRN:  6, FREQ:   560 ->   535
--
-- CONF MAX band L5, XTAL 16M, EXTADCCLK, IF=.25M, LP=8.7M/2 
max2771_send 
0x00000090 0x00c00002 
0x00000000 0xbea4b609 
0x00000010 0x28550288 
0x00000020 0x0eafb1dc 
0x00000030 0x798c0008 
0x00000040 0x023ee200 
0x00000070 0x110061b2 
0x000000a0 0x010061b0 
SPI max277 config OK!
-- sig+dt+err = 535Hz
comp PLL coefs : Bn=40, C1=3565, C2=190 
comp DLL coefs : Bn=25, C1=3500, C2=117 
started
ERROR: channel 10 not started!  
-- ts [288670508]
-- ts [329590508]
-- ts [370510508]
main_spin: 0, isr_spin: 0, uart err: 0 stat:00000001, src:00000000
-- ts [411430508]
10|PRN  6			 SUB-1  8K/0 dmp_cnt: 4095
-- info [10, 6, 7]
10| 8K/0 0
-- ts [452350508]
-- meas [10, 0.834243, 259.593]
10| PRN  6	 set filters PLL: 20 DLL: 9
comp PLL coefs : Bn=20, C1=1783, C2=48 
comp DLL coefs : Bn=9, C1=1260, C2=15 
-- ts [493270508]
-- meas [10, 0.834671, 757.483]
10|-11K/  1K L3 46dB   494Hz     8Hz 2000      0    188   1
10|VEL -5K|-11K|0K (6899560 1115278)
10|first diff 2c
10|diff -35c
-- ts [534190508]
-- meas [10, 0.835099, 1254.496]
-- ts [575110508]
-- meas [10, 0.835520, 1751.395]
10| -7K/ -1K L3 46dB   497Hz     1Hz 2001      0    201   1
10|VEL -2K|-7K|-2K (8008894 1244355)
10|diff -70c
main_spin: 0, isr_spin: 0, uart err: 0 stat:00000001, src:00000000
-- ts [616030508]
-- meas [10, 0.835935, 2247.555]
-- ts [656950508]
-- meas [10, 0.836367, 2742.903]
10| PRN  6	 set filters PLL: 10 DLL: 3
comp PLL coefs : Bn=10, C1=891, C2=12 
comp DLL coefs : Bn=3, C1=420, C2=2 
10|-10K/ -1K L3 46dB   495Hz     3Hz 2001      0    194   1
10|VEL -3K|-10K|-3K (8085841 1286742)
10|diff -105c
-- ts [697870508]
-- meas [10, 0.836784, 3237.949]
-- ts [738790508]
-- meas [10, 0.837204, 3733.153]
10| -9K/ -2K L3 46dB   496Hz     5Hz 2000      0    233   1
10|VEL -3K|-9K|-1K (8107417 1275480)
10|diff -139c
-- ts [779710508]
-- meas [10, 0.837626, 4228.034]
main_spin: 0, isr_spin: 0, uart err: 0 stat:00000001, src:00000000
-- ts [820630508]
-- meas [10, 0.838044, 4722.334]
10|  6K/ -1K L3 46dB   492Hz     3Hz 2001      0    228   1
10|VEL 0K|6K|1K (8041109 1257921)
10|diff -173c
-- ts [861550508]
-- meas [10, 0.838468, 5215.803]
-- ts [902470508]
-- meas [10, 0.838886, 5708.681]
10| -9K/ -1K L3 46dB   493Hz     3Hz 2000      0    237   1
10|VEL -3K|-9K|-2K (8016193 1279109)
10|diff -208c
-- ts [943390508]
-- meas [10, 0.839302, 6200.579]
-- ts [984310508]
-- meas [10, 0.839722, 6692.868]
10|  8K/ -3K L3 46dB   489Hz     4Hz 2001      0    229   1
10|VEL 2K|8K|3K (7929306 1250754)
10|diff -242c
main_spin: 0, isr_spin: 0, uart err: 0 stat:00000001, src:00000000
-- ts [1025230508]
-- meas [10, 0.840139, 7183.799]
-- ts [1066150508]
-- meas [10, 0.840553, 7675.119]
10|  7K/  1K L3 46dB   492Hz     5Hz 2001      0    222   1
10|VEL 4K|7K|1K (7873790 1249500)
10|diff -276c
-- ts [1107070508]
-- meas [10, 0.840972, 8165.324]
-- ts [1147990508]
-- meas [10, 0.841388, 8655.252]
10| -9K/  0K L3 46dB   489Hz     2Hz 2001      0    198   1
10|VEL -2K|-9K|-4K (7807662 1265245)
10|diff -310c
main_spin: 0, isr_spin: 0, uart err: 0 stat:00000001, src:00000000
-- ts [1188910508]
-- meas [10, 0.841805, 9144.456]
-- ts [1229830508]
-- meas [10, 0.842221, 9633.027]
10|  8K/ -1K L3 46dB   488Hz     4Hz 2000      0    221   1
10|VEL 3K|8K|1K (7822815 1258173)
10|diff -344c
-- ts [1270750508]
-- meas [10, 0.842635, 10121.261]
-- ts [1311670508]
-- meas [10, 0.843049, 10608.487]
10| -8K/  2K L3 46dB   484Hz     4Hz 2001      0    225   1
10|VEL -4K|-8K|-2K (7813840 1275404)
10|diff -378c
main_spin: 0, isr_spin: 0, uart err: 0 stat:00000001, src:00000000
-- ts [1352590508]
-- meas [10, 0.843464, 11096.025]
-- ts [1393510508]
-- meas [10, 0.843879, 11582.785]
10| -7K/  2K L3 46dB   483Hz     3Hz 2001      0    225   1
10|VEL -2K|-7K|-1K (7762089 1250604)
10|diff -412c
-- ts [1434430508]
-- meas [10, 0.844291, 12069.025]
-- ts [1475350508]
-- meas [10, 0.844705, 12554.438]
10| 10K/ -3K L3 46dB   483Hz     4Hz 2001      0    188   1
10|VEL 2K|10K|2K (7800660 1255170)
10|diff -446c
-- ts [1516270508]
-- meas [10, 0.845117, 13039.389]
main_spin: 0, isr_spin: 0, uart err: 0 stat:00000001, src:00000000
-- ts [1557190508]
-- meas [10, 0.845528, 13523.668]
10|  5K/  1K L3 46dB   486Hz     2Hz 2001      0    191   1
10|VEL -1K|5K|0K (7671972 1234945)
10|diff -480c
-- ts [1598110508]
-- meas [10, 0.845941, 14007.340]
-- ts [1639030508]
-- meas [10, 0.846349, 14491.096]
10|-10K/ -2K L3 46dB   484Hz     6Hz 2001      0    246   1
10|VEL -4K|-10K|0K (7607798 1253859)
10|diff -513c
-- ts [1679950508]
-- meas [10, 0.846761, 14974.392]
main_spin: 0, isr_spin: 0, uart err: 0 stat:00000001, src:00000000
-- ts [1720870508]
-- meas [10, 0.847172, 15456.912]
10|  6K/  2K L3 46dB   486Hz     3Hz 2001      0    232   1
10|VEL 1K|6K|2K (7580390 1260801)
10|diff -547c
-- ts [1761790508]
-- meas [10, 0.847582, 15939.210]
-- ts [1802710508]
-- meas [10, 0.847991, 16420.828]
10|  6K/ -1K L3 46dB   481Hz     5Hz 2001      0    195   1
10|VEL 2K|6K|-1K (7522696 1246619)
10|diff -581c
-- ts [1843630508]
-- meas [10, 0.848401, 16901.954]
-- ts [1884550508]
-- meas [10, 0.848810, 17382.399]
10|  5K/  0K L3 46dB   479Hz     3Hz 2001      0    233   1
10|VEL 0K|5K|-1K (7505447 1241918)
10|diff -614c
main_spin: 0, isr_spin: 0, uart err: 0 stat:00000001, src:00000000
-- ts [1925470508]
-- meas [10, 0.849219, 17862.120]
-- ts [1966390508]
-- meas [10, 0.849625, 18341.510]
10| -8K/  1K L3 45dB   477Hz     2Hz 2001     -1    193   1
10|VEL -1K|-8K|-4K (7397220 1262467)
10|diff -648c
-- ts [2007310508]
-- meas [10, 0.850032, 18819.841]
-- ts [2048230508]
-- meas [10, 0.850438, 19297.988]
10|  6K/ -1K L3 46dB   477Hz     5Hz 2000      0    244   1
10|VEL 4K|6K|0K (7384581 1254398)
10|diff -681c
-- ts [2089150508]
-- meas [10, 0.850845, 19776.176]
main_spin: 0, isr_spin: 0, uart err: 0 stat:00000001, src:00000000
-- ts [2130070508]
-- meas [10, 0.851252, 20254.056]
10| -6K/  0K L3 46dB   477Hz     2Hz 2001      0    196   1
10|VEL -2K|-6K|-2K (7385163 1241293)
10|diff -714c
-- ts [2170990508]
-- meas [10, 0.851656, 20731.396]
-- ts [2211910508]
-- meas [10, 0.852061, 21207.929]
10|  9K/ -1K L3 46dB   475Hz     5Hz 2000      0    249   1
10|VEL 2K|9K|-1K (7357134 1246674)
10|diff -747c
-- ts [2252830508]
-- meas [10, 0.852464, 21683.907]
-- ts [2293750508]
-- meas [10, 0.852869, 22159.392]
10|  7K/ -2K L3 46dB   473Hz     3Hz 2001      0    222   1
10|VEL 1K|7K|3K (7364133 1243357)
10|diff -780c
main_spin: 0, isr_spin: 0, uart err: 0 stat:00000001, src:00000000
-- ts [2334670508]
-- meas [10, 0.853274, 22634.523]
-- ts [2375590508]
-- meas [10, 0.853677, 23108.746]
10|  6K/  2K L3 45dB   476Hz     4Hz 2001      0    247   1
10|VEL 1K|6K|0K (7327330 1267369)
10|diff -813c
-- ts [2416510508]
-- meas [10, 0.854081, 23582.291]
-- ts [2457430508]
-- meas [10, 0.854478, 24055.521]
10|  7K/ -1K L3 45dB   471Hz     3Hz 2001      0    195   1
10|VEL 0K|7K|2K (7248126 1241696)
10|diff -846c
-- ts [2498350508]
-- meas [10, 0.854884, 24528.426]
main_spin: 0, isr_spin: 0, uart err: 0 stat:00000001, src:00000000
-- ts [2539270508]
-- meas [10, 0.855287, 25001.090]
10| -5K/  0K L3 45dB   472Hz     1Hz 2001      0    207   1
10|VEL -1K|-5K|-3K (7323294 1266302)
10|diff -879c
-- ts [2580190508]
-- meas [10, 0.855687, 25473.494]
-- ts [2621110508]
-- meas [10, 0.856087, 25945.157]
10| -8K/  1K L3 46dB   468Hz     5Hz 2001      0    206   1
10|VEL -5K|-8K|0K (7347529 1240612)
10|diff -912c
-- ts [2662030508]
-- meas [10, 0.856484, 26415.596]
-- ts [2702950508]
-- meas [10, 0.856888, 26885.899]
10|-10K/ -1K L3 45dB   470Hz     4Hz 2001      0    243   1
10|VEL -3K|-10K|-2K (7287246 1258777)
10|diff -945c
main_spin: 0, isr_spin: 0, uart err: 0 stat:00000001, src:00000000
-- ts [2743870508]
-- meas [10, 0.857287, 27355.881]
-- ts [2784790508]
-- meas [10, 0.857686, 27825.586]
10|  7K/ -2K L3 45dB   467Hz     4Hz 2001      0    248   1
10|VEL 4K|7K|3K (7273146 1265880)
10|diff -977c
-- ts [2825710508]
-- meas [10, 0.858083, 28294.335]
-- ts [2866630508]
-- meas [10, 0.858484, 28762.599]
10| -6K/ -1K L3 45dB   468Hz     4Hz 2001      0    222   1
10|VEL -2K|-6K|-1K (7182726 1231408)
10|diff -1010c
main_spin: 0, isr_spin: 0, uart err: 0 stat:00000001, src:00000000
-- ts [2907550508]
-- meas [10, 0.858880, 29230.236]
-- ts [2948470508]
-- meas [10, 0.859277, 29696.902]
10|  6K/  3K L3 45dB   471Hz     3Hz 2001      0    231   1
10|VEL -1K|6K|2K (7271262 1263753)
10|diff -1043c
-- ts [2989390508]
-- meas [10, 0.859678, 30163.532]
-- ts [3030310508]
-- meas [10, 0.860071, 30629.801]
10| -6K/  1K L3 45dB   464Hz     0Hz 2000      0    217   1
10|VEL -1K|-6K|-4K (7203518 1233042)
10|diff -1075c
-- ts [3071230508]
-- meas [10, 0.860468, 31095.523]
main_spin: 0, isr_spin: 0, uart err: 0 stat:00000001, src:00000000
-- ts [3112150508]
-- meas [10, 0.860859, 31560.889]
10|  7K/ -2K L3 45dB   463Hz     4Hz 2001      0    202   1
10|VEL 1K|7K|-1K (7120195 1268686)
10|diff -1107c
-- ts [3153070508]
-- meas [10, 0.861256, 32025.386]
-- ts [3193990508]
-- meas [10, 0.861652, 32489.564]
10|  8K/  1K L3 45dB   464Hz     2Hz 2001      0    221   1
10|VEL 2K|8K|3K (7123089 1261455)
10|diff -1140c
-- ts [3234910508]
-- meas [10, 0.862045, 32953.248]
main_spin: 0, isr_spin: 0, uart err: 0 stat:00000001, src:00000000
-- ts [3275830508]
-- meas [10, 0.862439, 33416.365]
10| -8K/  0K L3 45dB   463Hz     5Hz 2001      0    242   1
10|VEL -4K|-8K|0K (6956856 1270426)
10|diff -1172c
-- ts [3316750508]
-- meas [10, 0.862836, 33880.386]
-- ts [3357670508]
-- meas [10, 0.863227, 34342.897]
10| -3K/ -2K L3 45dB   467Hz     5Hz 2001      0    196   1
10|VEL -3K|-3K|-1K (6955175 1265118)
10|diff -1204c
-- ts [3398590508]
-- meas [10, 0.863619, 34805.375]
main_spin: 0, isr_spin: 0, uart err: 0 stat:00000001, src:00000000
-- ts [3439510508]
-- meas [10, 0.864012, 35266.701]
10|  6K/ -2K L3 45dB   458Hz     6Hz 2001      0    224   1
10|VEL 3K|6K|0K (6920451 1262504)
10|diff -1236c
-- ts [3480430508]
-- meas [10, 0.864403, 35727.646]
-- ts [3521350508]
-- meas [10, 0.864795, 36188.383]
10| -7K/ -1K L3 45dB   461Hz     5Hz 2001     -1    215   1
10|VEL -1K|-7K|1K (6946140 1272663)
10|diff -1269c
-- ts [3562270508]
-- meas [10, 0.865186, 36648.355]
-- ts [3603190508]
-- meas [10, 0.865576, 37107.846]
10|  5K/  0K L3 45dB   459Hz     0Hz 2001      0    190   1
10|VEL 0K|5K|4K (7020876 1267214)
10|diff -1301c
main_spin: 0, isr_spin: 0, uart err: 0 stat:00000001, src:00000000
-- ts [3644110508]
-- meas [10, 0.865968, 37566.592]
-- ts [3685030508]
-- meas [10, 0.866356, 38024.761]
10| -7K/  1K L3 45dB   456Hz     6Hz 2000      0    233   1
10|VEL -2K|-7K|1K (6951592 1266181)
10|diff -1332c
-- ts [3725950508]
-- meas [10, 0.866745, 38482.648]
-- ts [3766870508]
-- meas [10, 0.867135, 38940.345]
10|  8K/ -1K L3 44dB   457Hz     4Hz 2001      0    230   1
10|VEL 2K|8K|-1K (6857812 1279933)
10|diff -1364c
main_spin: 0, isr_spin: 0, uart err: 0 stat:00000001, src:00000000
-- ts [3807790508]
-- meas [10, 0.867523, 39397.314]
-- ts [3848710508]
-- meas [10, 0.867910, 39853.480]
10| -6K/ -1K L3 45dB   456Hz     1Hz 2001      0    196   1
10|VEL -2K|-6K|-2K (6916321 1254267)
10|diff -1396c
-- ts [3889630508]
-- meas [10, 0.868302, 40309.213]
-- ts [3930550508]
-- meas [10, 0.868684, 40764.501]
10|  9K/ -2K L3 45dB   453Hz     2Hz 2001      0    193   1
10|VEL 1K|9K|3K (6863273 1268898)
10|diff -1428c
main_spin: 0, isr_spin: 0, uart err: 0 stat:00000001, src:00000000
-- ts [3971470508]
-- meas [10, 0.869071, 41219.224]
-- ts [4012390508]
-- meas [10, 0.869457, 41673.338]
10| -7K/ -1K L3 45dB   454Hz     3Hz 2000      0    215   1
10|VEL -3K|-7K|-4K (6813935 1233162)
10|diff -1459c
-- ts [4053310508]
-- meas [10, 0.869843, 42126.697]
-- ts [4094230508]
-- meas [10, 0.870228, 42579.026]
10| -9K/ -2K L3 44dB   453Hz     3Hz 2001      0    201   1
10|VEL -2K|-9K|-2K (6923665 1295585)
10|diff -1491c
-- ts [4135150508]
-- meas [10, 0.870612, 43031.136]
main_spin: 0, isr_spin: 0, uart err: 0 stat:00000001, src:00000000
-- ts [4176070508]
-- meas [10, 0.870998, 43483.605]
10| -8K/ -1K L3 45dB   453Hz     2Hz 2001      0    228   1
10|VEL 0K|-8K|-3K (6846783 1239668)
10|diff -1522c
-- ts [4216990508]
-- meas [10, 0.871383, 43935.783]
-- ts [4257910508]
-- meas [10, 0.871763, 44387.056]
10|  5K/ -1K L3 45dB   449Hz     3Hz 2001      0    198   1
10|VEL 2K|5K|-2K (6846673 1224758)
10|diff -1554c
-- ts [4298830508]
-- meas [10, 0.872146, 44837.633]
main_spin: 0, isr_spin: 0, uart err: 0 stat:00000001, src:00000000
-- ts [4339750508]
-- meas [10, 0.872531, 45288.021]
10|  6K/  0K L3 45dB   450Hz     2Hz 2001      0    207   1
10|VEL 1K|6K|1K (6891727 1228195)
10|diff -1585c
-- ts [4380670508]
-- meas [10, 0.872912, 45737.791]
-- ts [4421590508]
-- meas [10, 0.873294, 46187.033]
10|  7K/  1K L3 45dB   451Hz     5Hz 2001      0    195   1
10|VEL 1K|7K|-1K (6939450 1263795)
10|diff -1616c
-- ts [4462510508]
-- meas [10, 0.873676, 46635.657]
-- ts [4503430508]
-- meas [10, 0.874056, 47083.423]
10|  6K/ -3K L3 45dB   445Hz     2Hz 2000      0    189   1
10|VEL 1K|6K|2K (6894988 1255082)
10|diff -1648c
main_spin: 0, isr_spin: 0, uart err: 0 stat:00000001, src:00000000
-- ts [4544350508]
-- meas [10, 0.874438, 47530.735]
-- ts [4585270508]
-- meas [10, 0.874814, 47977.555]
10|  8K/  0K L3 45dB   447Hz     3Hz 2001      0    197   1
10|VEL 2K|8K|1K (6983944 1269433)
10|diff -1679c
-- ts [4626190508]
-- meas [10, 0.875197, 48424.431]
-- ts [4667110508]
-- meas [10, 0.875575, 48870.294]
10| -5K/ -1K L3 45dB   446Hz     1Hz 2000      0    205   1
10|VEL 0K|-5K|-2K (6957128 1243123)
10|diff -1710c
main_spin: 0, isr_spin: 0, uart err: 0 stat:00000001, src:00000000
-- ts [4708030508]
-- meas [10, 0.875955, 49315.750]
-- ts [4748950508]
-- meas [10, 0.876331, 49760.641]
10|  5K/ -2K L3 45dB   442Hz     1Hz 2001      0    209   1
10|VEL -1K|5K|5K (6970715 1258241)
10|diff -1741c
-- ts [4789870508]
-- meas [10, 0.876711, 50205.052]
-- ts [4830790508]
-- meas [10, 0.877088, 50648.972]
10| -7K/ -1K L3 45dB   444Hz     2Hz 2001      0    210   1
10|VEL -3K|-7K|-2K (6949992 1215210)
10|diff -1772c
main_spin: 0, isr_spin: 0, uart err: 0 stat:00000001, src:00000000
-- ts [4871710508]
-- meas [10, 0.877463, 51092.327]
-- ts [4912630508]
-- meas [10, 0.877842, 51535.274]
10| -5K/ -1K L3 45dB   444Hz     2Hz 2001      0    195   1
10|VEL -2K|-5K|-2K (6845625 1224225)
10|diff -1803c
-- ts [4953550508]
-- meas [10, 0.878215, 51977.427]
-- ts [4994470508]
-- meas [10, 0.878593, 52418.886]
10|  5K/  0K L3 45dB   441Hz     1Hz 2000      0    243   1
10|VEL 1K|5K|2K (6865402 1243833)
10|diff -1833c
-- ts [5035390508]
-- meas [10, 0.878968, 52859.969]
main_spin: 0, isr_spin: 0, uart err: 0 stat:00000001, src:00000000
-- ts [5076310508]
-- meas [10, 0.879343, 53300.847]
10| -5K/  1K L3 45dB   437Hz     3Hz 2001      0    197   1
10|VEL -2K|-5K|-2K (6939681 1279614)
10|diff -1864c
-- ts [5117230508]
-- meas [10, 0.879719, 53740.924]
-- ts [5158150508]
-- meas [10, 0.880090, 54180.505]
10| -8K/  1K L3 45dB   437Hz     2Hz 2001      0    238   1
10|VEL -1K|-8K|-5K (6898194 1257889)
10|diff -1895c
-- ts [5199070508]
-- meas [10, 0.880463, 54619.617]
main_spin: 0, isr_spin: 0, uart err: 0 stat:00000001, src:00000000
-- ts [5239990508]
-- meas [10, 0.880836, 55058.070]
10| -7K/  3K L3 45dB   434Hz     4Hz 2001      0    204   1
10|VEL -2K|-7K|-1K (6920537 1247978)
10|diff -1925c
-- ts [5280910508]
-- meas [10, 0.881210, 55496.106]
-- ts [5321830508]
-- meas [10, 0.881580, 55934.062]
10|  5K/ -1K L3 45dB   436Hz     2Hz 2001      0    194   1
10|VEL 1K|5K|2K (6874091 1246755)
10|diff -1956c
-- ts [5362750508]
-- meas [10, 0.881952, 56371.467]
-- ts [5403670508]
-- meas [10, 0.882324, 56808.360]
10| -9K/ -3K L3 45dB   438Hz     5Hz 2000      0    190   1
10|VEL -3K|-9K|0K (6932985 1269567)
10|diff -1986c
main_spin: 0, isr_spin: 0, uart err: 0 stat:00000001, src:00000000
-- ts [5444590508]
-- meas [10, 0.882697, 57244.296]
-- ts [5485510508]
-- meas [10, 0.883066, 57679.940]
10| -8K/  0K L3 45dB   435Hz     4Hz 2001      0    197   1
10|VEL -2K|-8K|0K (6980501 1286115)
10|diff -2016c
-- ts [5526430508]
-- meas [10, 0.883434, 58115.461]
-- ts [5567350508]
-- meas [10, 0.883806, 58550.003]
10| -8K/ -2K L3 45dB   436Hz     2Hz 2001      0    196   1
10|VEL -2K|-8K|-3K (6916676 1260411)
10|diff -2047c
main_spin: 0, isr_spin: 0, uart err: 0 stat:00000001, src:00000000
-- ts [5608270508]
-- meas [10, 0.884173, 58983.995]
-- ts [5649190508]
-- meas [10, 0.884542, 59417.819]
10| -7K/  0K L3 45dB   432Hz     4Hz 2001      0    214   1
10|VEL -2K|-7K|0K (6992128 1243480)
10|diff -2077c
-- ts [5690110508]
-- meas [10, 0.884910, 59851.664]
-- ts [5731030508]
-- meas [10, 0.885280, 60284.551]
10| -7K/ -2K L3 45dB   434Hz     3Hz 2001      0    214   1
10|VEL -1K|-7K|-1K (6992694 1285449)
10|diff -2107c
main_spin: 0, isr_spin: 0, uart err: 0 stat:00000001, src:00000000
-- ts [5771950508]
-- meas [10, 0.885649, 60716.592]
-- ts [5812870508]
-- meas [10, 0.886014, 61148.232]
10|  7K/  1K L3 45dB   432Hz     3Hz 2000      0    206   1
10|VEL 0K|7K|1K (7048786 1267601)
10|diff -2137c
-- ts [5853790508]
-- meas [10, 0.886382, 61579.393]
-- ts [5894710508]
-- meas [10, 0.886746, 62010.247]
10|  8K/ -2K L3 45dB   429Hz     4Hz 2001      0    239   1
10|VEL 3K|8K|0K (7047502 1248551)
10|diff -2167c
main_spin: 0, isr_spin: 0, uart err: 0 stat:00000001, src:00000000
-- ts [5935630508]
-- meas [10, 0.887111, 62440.230]
-- ts [5976550508]
-- meas [10, 0.887476, 62869.689]
10|  5K/  0K L3 45dB   429Hz     6Hz 2001      0    202   1
10|VEL 1K|5K|-3K (7043819 1273159)
10|diff -2197c
-- ts [6017470508]
-- meas [10, 0.887841, 63298.446]
-- ts [6058390508]
-- meas [10, 0.888204, 63727.030]
10| -7K/ -1K L3 45dB   428Hz     3Hz 2001      0    194   1
10|VEL -2K|-7K|0K (7087224 1276477)
10|diff -2227c
-- ts [6099310508]
-- meas [10, 0.888570, 64154.880]
main_spin: 0, isr_spin: 0, uart err: 0 stat:00000001, src:00000000
-- ts [6140230508]
-- meas [10, 0.888933, 64582.057]
10|-10K/ -1K L3 45dB   427Hz     2Hz 2000      0    221   1
10|VEL -3K|-10K|-5K (7083978 1275650)
10|diff -2257c
-- ts [6181150508]
-- meas [10, 0.889297, 65008.986]
-- ts [6222070508]
-- meas [10, 0.889655, 65435.306]
10|  6K/  0K L3 45dB   425Hz     2Hz 2001      0    229   1
10|VEL -1K|6K|0K (7194994 1229889)
10|diff -2286c
-- ts [6262990508]
-- meas [10, 0.890017, 65860.964]
-- ts [6303910508]
-- meas [10, 0.890381, 66286.054]
10| -4K/ -3K L3 45dB   430Hz     5Hz 2001      0    191   1
10|VEL -4K|-4K|-1K (7239248 1283976)
10|diff -2316c
main_spin: 0, isr_spin: 0, uart err: 0 stat:00000001, src:00000000
-- ts [6344830508]
-- meas [10, 0.890743, 66710.522]
-- ts [6385750508]
-- meas [10, 0.891101, 67134.406]
10| -9K/  0K L3 45dB   423Hz     4Hz 2001      0    227   1
10|VEL -2K|-9K|-2K (7284044 1246339)
10|diff -2345c
-- ts [6426670508]
-- meas [10, 0.891461, 67557.605]
-- ts [6467590508]
-- meas [10, 0.891820, 67980.857]
10|  7K/ -2K L3 45dB   421Hz     3Hz 2001      0    208   1
10|VEL 2K|7K|0K (7294250 1259020)
10|diff -2375c
-- ts [6508510508]
-- meas [10, 0.892181, 68403.345]
main_spin: 0, isr_spin: 0, uart err: 0 stat:00000001, src:00000000
-- ts [6549430508]
-- meas [10, 0.892536, 68825.258]
10| -4K/ -1K L3 46dB   424Hz     5Hz 2000      0    191   1
10|VEL -4K|-4K|1K (7270485 1229497)
10|diff -2404c
-- ts [6590350508]
-- meas [10, 0.892894, 69247.413]
-- ts [6631270508]
-- meas [10, 0.893257, 69668.912]
10| -8K/ -1K L3 45dB   421Hz     3Hz 2001      0    214   1
10|VEL -2K|-8K|-2K (7321031 1267360)
10|diff -2434c
-- ts [6672190508]
-- meas [10, 0.893612, 70089.501]
-- ts [6713110508]
-- meas [10, 0.893970, 70510.221]
10|-10K/ -1K L3 46dB   420Hz     3Hz 2001      0    197   1
10|VEL -4K|-10K|-5K (7415249 1245520)
10|diff -2463c
main_spin: 0, isr_spin: 0, uart err: 0 stat:00000001, src:00000000
-- ts [6754030508]
-- meas [10, 0.894327, 70929.854]
-- ts [6794950508]
-- meas [10, 0.894681, 71348.828]
10|  9K/  3K L3 45dB   421Hz     2Hz 2000      0    217   1
10|VEL 3K|9K|3K (7445214 1277285)
10|diff -2492c
-- ts [6835870508]
-- meas [10, 0.895040, 71767.416]
-- ts [6876790508]
-- meas [10, 0.895395, 72185.234]
10|  7K/  0K L3 46dB   418Hz     6Hz 2001      0    197   1
10|VEL 4K|7K|-1K (7519347 1223045)
10|diff -2521c
main_spin: 0, isr_spin: 0, uart err: 0 stat:00000001, src:00000000
-- ts [6917710508]
-- meas [10, 0.895748, 72602.920]
-- ts [6958630508]
-- meas [10, 0.896105, 73020.246]
10| -6K/  0K L3 46dB   415Hz     4Hz 2001      0    191   1
10|VEL -3K|-6K|-1K (7567166 1276280)
10|diff -2550c
-- ts [6999550508]
-- meas [10, 0.896459, 73436.617]
-- ts [7040470508]
-- meas [10, 0.896812, 73853.114]
10|  3K/  0K L3 46dB   418Hz     2Hz 2000      0    220   1
10|VEL -1K|3K|-1K (7612990 1293107)
10|diff -2579c
-- ts [7081390508]
-- meas [10, 0.897167, 74268.645]
main_spin: 0, isr_spin: 0, uart err: 0 stat:00000001, src:00000000
-- ts [7122310508]
-- meas [10, 0.897519, 74684.045]
10|  7K/  1K L3 46dB   416Hz     3Hz 2001      0    196   1
10|VEL 1K|7K|2K (7603166 1264930)
10|diff -2608c
-- ts [7163230508]
-- meas [10, 0.897873, 75098.495]
-- ts [7204150508]
-- meas [10, 0.898222, 75513.147]
10|  7K/ -2K L3 46dB   412Hz     3Hz 2001      0    212   1
10|VEL 0K|7K|0K (7725442 1277779)
10|diff -2637c
-- ts [7245070508]
-- meas [10, 0.898575, 75927.043]
-- ts [7285990508]
-- meas [10, 0.898927, 76340.351]
10| -9K/  1K L3 46dB   411Hz     3Hz 2001      0    240   1
10|VEL 0K|-9K|-2K (7799619 1252359)
10|diff -2666c
main_spin: 0, isr_spin: 0, uart err: 0 stat:00000001, src:00000000
-- ts [7326910508]
-- meas [10, 0.899276, 76752.641]
-- ts [7367830508]
-- meas [10, 0.899626, 77165.156]
10| -7K/  3K L3 46dB   408Hz     3Hz 2001      0    232   1
10|VEL -2K|-7K|-1K (7751707 1268238)
10|diff -2694c
-- ts [7408750508]
-- meas [10, 0.899978, 77576.657]
-- ts [7449670508]
-- meas [10, 0.900327, 77987.614]
10|  7K/ -1K L3 46dB   410Hz     4Hz 2001      0    208   1
10|VEL 1K|7K|0K (7877777 1250371)
10|diff -2723c
main_spin: 0, isr_spin: 0, uart err: 0 stat:00000001, src:00000000
-- ts [7490590508]
-- meas [10, 0.900678, 78398.360]
-- ts [7531510508]
-- meas [10, 0.901025, 78808.732]
10| 10K/  0K L3 46dB   410Hz     4Hz 2001      0    219   1
10|VEL 4K|10K|2K (7915782 1260603)
10|diff -2752c
-- ts [7572430508]
-- meas [10, 0.901372, 79218.621]
-- ts [7613350508]
-- meas [10, 0.901719, 79627.239]
10| -9K/ -2K L3 46dB   409Hz     4Hz 2001      0    239   1
10|VEL -2K|-9K|0K (8002439 1253520)
10|diff -2780c
main_spin: 0, isr_spin: 0, uart err: 0 stat:00000001, src:00000000
-- ts [7654270508]
-- meas [10, 0.902068, 80035.530]
-- ts [7695190508]
-- meas [10, 0.902415, 80443.571]
10|  6K/  0K L3 46dB   408Hz     4Hz 2001      0    190   1
10|VEL 2K|6K|0K (8086807 1233309)
10|diff -2808c
-- ts [7736110508]
-- meas [10, 0.902763, 80851.931]
-- ts [7777030508]
-- meas [10, 0.903106, 81259.263]
10| -8K/  0K L3 46dB   407Hz     3Hz 2001      0    240   1
10|VEL -3K|-8K|-1K (8141381 1246604)
10|diff -2837c
main_spin: 0, isr_spin: 0, uart err: 0 stat:00000001, src:00000000
-- ts [7817950508]
-- meas [10, 0.903455, 81666.644]
-- ts [7858870508]
-- meas [10, 0.903798, 82072.896]
10|  8K/ -3K L3 46dB   403Hz     5Hz 2001      0    227   1
10|VEL 3K|8K|-1K (8196360 1255096)
10|diff -2865c
-- ts [7899790508]
-- meas [10, 0.904144, 82478.925]
-- ts [7940710508]
-- meas [10, 0.904488, 82884.134]
10|  3K/  2K L3 46dB   410Hz     6Hz 2001      0    227   1
10|VEL 3K|3K|-2K (8231872 1227518)
10|diff -2893c
main_spin: 0, isr_spin: 0, uart err: 0 stat:00000001, src:00000000
-- ts [7981630508]
-- meas [10, 0.904834, 83288.904]
-- ts [8022550508]
-- meas [10, 0.905176, 83693.244]
10|  5K/ -1K L3 46dB   403Hz     6Hz 2001      0    244   1
10|VEL 3K|5K|-3K (8220762 1263531)
10|diff -2921c
-- ts [8063470508]
-- meas [10, 0.905521, 84096.623]
-- ts [8104390508]
-- meas [10, 0.905863, 84499.428]
10|  6K/  2K L3 46dB   406Hz     3Hz 2001      0    209   1
10|VEL 2K|6K|0K (8325767 1253082)
10|diff -2950c
-- ts [8145310508]
-- meas [10, 0.906205, 84902.120]
main_spin: 0, isr_spin: 0, uart err: 0 stat:00000001, src:00000000
-- ts [8186230508]
-- meas [10, 0.906545, 85304.352]
10|  5K/ -2K L3 46dB   400Hz     6Hz 2001     -1    202   1
10|VEL 4K|5K|-3K (8392830 1253403)
10|diff -2978c
-- ts [8227150508]
-- meas [10, 0.906888, 85705.919]
-- ts [8268070508]
-- meas [10, 0.907227, 86106.784]
10|  7K/ -1K L3 46dB   401Hz     6Hz 2001      0    200   1
10|VEL 1K|7K|-3K (8462277 1246279)
10|diff -3005c
-- ts [8308990508]
-- meas [10, 0.907570, 86507.842]
-- ts [8349910508]
-- meas [10, 0.907909, 86907.975]
10| 10K/  0K L3 46dB   399Hz     3Hz 2000      0    199   1
10|VEL 3K|10K|1K (8495181 1298505)
10|diff -3033c
main_spin: 0, isr_spin: 0, uart err: 0 stat:00000001, src:00000000
-- ts [8390830508]
-- meas [10, 0.908247, 87307.649]
-- ts [8431750508]
-- meas [10, 0.908586, 87706.684]
10|  8K/ -2K L3 46dB   397Hz     3Hz 2001      0    194   1
10|VEL 2K|8K|1K (8522445 1261145)
10|diff -3061c
-- ts [8472670508]
-- meas [10, 0.908927, 88105.604]
-- ts [8513590508]
-- meas [10, 0.909266, 88503.623]
10| -8K/  1K L3 46dB   396Hz     5Hz 2000      0    207   1
10|VEL -3K|-8K|2K (8552564 1266269)
10|diff -3089c
main_spin: 0, isr_spin: 0, uart err: 0 stat:00000001, src:00000000
-- ts [8554510508]
-- meas [10, 0.909602, 88901.111]
-- ts [8595430508]
-- meas [10, 0.909941, 89298.068]
10| -9K/  1K L3 46dB   395Hz     5Hz 2001      0    201   1
10|VEL -3K|-9K|1K (8644105 1316208)
10|diff -3116c
-- ts [8636350508]
-- meas [10, 0.910275, 89694.358]
-- ts [8677270508]
-- meas [10, 0.910614, 90090.552]
10|  8K/ -3K L3 47dB   394Hz     4Hz 2001      0    243   1
10|VEL 1K|8K|-1K (8744991 1265959)
10|diff -3144c
-- ts [8718190508]
-- meas [10, 0.910950, 90486.227]
main_spin: 0, isr_spin: 0, uart err: 0 stat:00000001, src:00000000
-- ts [8759110508]
-- meas [10, 0.911284, 90881.432]
10| -9K/ -1K L3 47dB   395Hz     4Hz 2001      0    198   1
10|VEL -5K|-9K|-1K (8760591 1261414)
10|diff -3171c
-- ts [8800030508]
-- meas [10, 0.911619, 91276.185]
-- ts [8840950508]
-- meas [10, 0.911956, 91670.359]
10|  8K/  1K L3 46dB   396Hz     2Hz 2000      0    247   1
10|VEL 1K|8K|0K (8778925 1290507)
10|diff -3199c
-- ts [8881870508]
-- meas [10, 0.912288, 92064.458]
-- ts [8922790508]
-- meas [10, 0.912623, 92457.663]
10| -9K/  0K L3 46dB   392Hz     4Hz 2001      0    190   1
10|VEL -5K|-9K|0K (8844873 1300953)
10|diff -3226c
main_spin: 0, isr_spin: 0, uart err: 0 stat:00000001, src:00000000
-- ts [8963710508]
-- meas [10, 0.912958, 92850.052]
-- ts [9004630508]
-- meas [10, 0.913291, 93242.042]
10| -9K/ -2K L3 47dB   393Hz     1Hz 2000      0    242   1
10|VEL -1K|-9K|-2K (8936256 1241108)
10|diff -3254c
-- ts [9045550508]
-- meas [10, 0.913622, 93633.505]
-- ts [9086470508]
-- meas [10, 0.913958, 94024.413]
10| -8K/ -2K L3 47dB   392Hz     3Hz 2001      0    198   1
10|VEL -4K|-8K|-2K (8940602 1264366)
10|diff -3281c
main_spin: 0, isr_spin: 0, uart err: 0 stat:00000001, src:00000000
-- ts [9127390508]
-- meas [10, 0.914287, 94414.627]
-- ts [9168310508]
-- meas [10, 0.914618, 94804.003]
10| -8K/  2K L3 47dB   386Hz     1Hz 2001      0    223   1
10|VEL -2K|-8K|-4K (9055908 1301007)
10|diff -3308c
-- ts [9209230508]
-- meas [10, 0.914950, 95193.580]
-- ts [9250150508]
-- meas [10, 0.915281, 95583.221]
10|  8K/  2K L3 47dB   391Hz     1Hz 2001      0    195   1
10|VEL 0K|8K|0K (8986417 1276074)
10|diff -3335c
main_spin: 0, isr_spin: 0, uart err: 0 stat:00000001, src:00000000
-- ts [9291070508]
-- meas [10, 0.915611, 95972.229]
-- ts [9331990508]
-- meas [10, 0.915940, 96360.022]
10|-11K/ -1K L3 47dB   387Hz     3Hz 2000      0    220   1
10|VEL -2K|-11K|-2K (9127809 1254682)
10|diff -3362c
-- ts [9372910508]
-- meas [10, 0.916272, 96747.214]
-- ts [9413830508]
-- meas [10, 0.916598, 97134.484]
10| -8K/  4K L3 47dB   382Hz     1Hz 2001      0    198   1
10|VEL -1K|-8K|-3K (9162658 1268247)
10|diff -3389c
-- ts [9454750508]
-- meas [10, 0.916927, 97521.489]
main_spin: 0, isr_spin: 0, uart err: 0 stat:00000001, src:00000000
-- ts [9495670508]
-- meas [10, 0.917256, 97907.863]
10|  8K/  0K L3 47dB   386Hz     2Hz 2000      0    245   1
10|VEL 2K|8K|2K (9170785 1243868)
10|diff -3416c
-- ts [9536590508]
-- meas [10, 0.917582, 98293.583]
-- ts [9577510508]
-- meas [10, 0.917914, 98678.404]
10| -9K/  0K L3 47dB   384Hz     1Hz 2001      0    213   1
10|VEL -3K|-9K|-4K (9167755 1240200)
10|diff -3443c
-- ts [9618430508]
-- meas [10, 0.918239, 99062.761]
-- ts [9659350508]
-- meas [10, 0.918565, 99446.593]
10|  7K/  1K L3 47dB   385Hz     4Hz 2001      0    192   1
10|VEL 0K|7K|-1K (9129447 1262519)
10|diff -3469c
main_spin: 0, isr_spin: 0, uart err: 0 stat:00000001, src:00000000
-- ts [9700270508]
-- meas [10, 0.918891, 99830.346]
-- ts [9741190508]
-- meas [10, 0.919216, 100213.209]
10| -7K/ -3K L3 47dB   385Hz     3Hz 2001      0    189   1
10|VEL -3K|-7K|-3K (9161487 1248766)
10|diff -3496c
-- ts [9782110508]
-- meas [10, 0.919540, 100595.521]
-- ts [9823030508]
-- meas [10, 0.919865, 100977.267]
10| -8K/ -2K L3 47dB   383Hz     1Hz 2001      0    201   1
10|VEL -3K|-8K|-4K (9183918 1239224)
10|diff -3523c
-- ts [9863950508]
-- meas [10, 0.920190, 101358.550]
main_spin: 0, isr_spin: 0, uart err: 0 stat:00000001, src:00000000
-- ts [9904870508]
-- meas [10, 0.920512, 101739.535]
10|  8K/ -1K L3 47dB   379Hz     4Hz 2000      0    239   1
10|VEL 2K|8K|0K (9146966 1269265)
10|diff -3549c
-- ts [9945790508]
-- meas [10, 0.920836, 102119.844]
-- ts [9986710508]
-- meas [10, 0.921162, 102500.102]
10|  8K/ -3K L3 47dB   376Hz     2Hz 2001      0    229   1
10|VEL 1K|8K|3K (9145704 1262930)
10|diff -3576c
-- ts [10027630508]
-- meas [10, 0.921483, 102879.373]
main_spin: 0, isr_spin: 0, uart err: 0 stat:00000001, src:00000000
-- ts [10068550508]
-- meas [10, 0.921804, 103258.248]
10| -9K/  3K L3 47dB   375Hz     2Hz 2000      0    230   1
10|VEL -1K|-9K|-2K (9086755 1245786)
10|diff -3602c
-- ts [10109470508]
-- meas [10, 0.922126, 103636.876]
-- ts [10150390508]
-- meas [10, 0.922448, 104014.433]
10| -8K/  0K L3 47dB   377Hz     4Hz 2001      0    215   1
10|VEL -4K|-8K|-1K (9127241 1204574)
10|diff -3628c
-- ts [10191310508]
-- meas [10, 0.922768, 104392.017]
-- ts [10232230508]
-- meas [10, 0.923091, 104769.106]
10|-10K/  2K L3 47dB   374Hz     2Hz 2001      0    201   1
10|VEL -1K|-10K|-2K (8995036 1242722)
10|diff -3655c
main_spin: 0, isr_spin: 0, uart err: 0 stat:00000001, src:00000000
-- ts [10273150508]
-- meas [10, 0.923410, 105144.914]
-- ts [10314070508]
-- meas [10, 0.923731, 105520.238]
10| -9K/ -2K L3 47dB   377Hz     2Hz 2000      0    225   1
10|VEL -3K|-9K|-3K (8957355 1225977)
10|diff -3681c
-- ts [10354990508]
-- meas [10, 0.924049, 105895.544]
-- ts [10395910508]
-- meas [10, 0.924367, 106270.846]
10| -9K/ -2K L3 47dB   376Hz     4Hz 2001      0    199   1
10|VEL -7K|-9K|-4K (8947472 1211747)
10|diff -3707c
-- ts [10436830508]
-- meas [10, 0.924685, 106644.949]
main_spin: 0, isr_spin: 0, uart err: 0 stat:00000001, src:00000000
-- ts [10477750508]
-- meas [10, 0.925003, 107018.152]
10|  9K/  1K L3 47dB   373Hz     2Hz 2000      0    197   1
10|VEL 1K|9K|0K (8846984 1220889)
10|diff -3733c
-- ts [10518670508]
-- meas [10, 0.925320, 107391.018]
-- ts [10559590508]
-- meas [10, 0.925638, 107763.442]
10| -9K/  0K L3 47dB   371Hz     4Hz 2001      0    196   1
10|VEL -3K|-9K|-1K (8784938 1228574)
10|diff -3759c
-- ts [10600510508]
-- meas [10, 0.925953, 108135.402]
main_spin: 0, isr_spin: 0, uart err: 0 stat:00000001, src:00000000
-- ts [10641430508]
-- meas [10, 0.926269, 108506.938]
10|-11K/ -1K L3 47dB   371Hz     1Hz 2001      0    199   1
10|VEL -1K|-11K|-4K (8739430 1261626)
10|diff -3785c
-- ts [10682350508]
-- meas [10, 0.926584, 108877.812]
-- ts [10723270508]
-- meas [10, 0.926898, 109248.063]
10|  5K/  1K L3 47dB   372Hz     2Hz 2001      0    217   1
10|VEL 0K|5K|0K (8712341 1229866)
10|diff -3811c
-- ts [10764190508]
-- meas [10, 0.927212, 109617.924]
main_spin: 0, isr_spin: 0, uart err: 0 stat:00000001, src:00000000
-- ts [10805110508]
-- meas [10, 0.927523, 109987.237]
10| -6K/ -1K L3 46dB   369Hz     5Hz 2000      0    248   1
10|VEL -3K|-6K|0K (8706293 1285377)
10|diff -3836c
-- ts [10846030508]
-- meas [10, 0.927840, 110355.872]
-- ts [10886950508]
-- meas [10, 0.928152, 110723.927]
10|  5K/ -1K L3 47dB   367Hz     1Hz 2001      0    196   1
10|VEL 0K|5K|1K (8651518 1242605)
10|diff -3862c
-- ts [10927870508]
-- meas [10, 0.928464, 111091.495]
main_spin: 0, isr_spin: 0, uart err: 0 stat:00000001, src:00000000
-- ts [10968790508]
-- meas [10, 0.928778, 111458.551]
10|-10K/ -2K L3 46dB   369Hz     4Hz 2000      0    221   1
10|VEL -5K|-10K|-2K (8654675 1277072)
10|diff -3887c
-- ts [11009710508]
-- meas [10, 0.929089, 111825.479]
-- ts [11050630508]
-- meas [10, 0.929401, 112191.863]
10|  6K/  1K L3 46dB   368Hz     2Hz 2001      0    194   1
10|VEL 1K|6K|-1K (8512444 1244426)
10|diff -3913c
-- ts [11091550508]
-- meas [10, 0.929711, 112557.590]
-- ts [11132470508]
-- meas [10, 0.930022, 112923.652]
10|  7K/  3K L3 46dB   368Hz     2Hz 2000      0    198   1
10|VEL 3K|7K|2K (8502614 1258687)
10|diff -3938c
main_spin: 0, isr_spin: 0, uart err: 0 stat:00000001, src:00000000
-- ts [11173390508]
-- meas [10, 0.930334, 113288.553]
-- ts [11214310508]
-- meas [10, 0.930646, 113653.146]
10| -7K/  0K L3 46dB   364Hz     6Hz 2001      0    239   1
10|VEL -2K|-7K|3K (8396669 1246736)
10|diff -3964c
-- ts [11255230508]
-- meas [10, 0.930952, 114017.087]
-- ts [11296150508]
-- meas [10, 0.931262, 114380.404]
10|  9K/  0K L3 46dB   363Hz     3Hz 2001      0    191   1
10|VEL 4K|9K|2K (8353325 1265692)
10|diff -3989c
main_spin: 0, isr_spin: 0, uart err: 0 stat:00000001, src:00000000
-- ts [11337070508]
-- meas [10, 0.931571, 114743.702]
-- ts [11377990508]
-- meas [10, 0.931878, 115106.679]
10| -7K/ -1K L3 46dB   363Hz     4Hz 2001      0    195   1
10|VEL -3K|-7K|-1K (8310824 1275043)
10|diff -4014c
-- ts [11418910508]
-- meas [10, 0.932186, 115468.566]
-- ts [11459830508]
-- meas [10, 0.932492, 115829.832]
10|  8K/  1K L3 46dB   362Hz     6Hz 2001      0    233   1
10|VEL 3K|8K|-2K (8252234 1277253)
10|diff -4039c
-- ts [11500750508]
-- meas [10, 0.932801, 116190.860]
main_spin: 0, isr_spin: 0, uart err: 0 stat:00000001, src:00000000
-- ts [11541670508]
-- meas [10, 0.933108, 116551.461]
10|  9K/  0K L3 46dB   360Hz     2Hz 2001      0    223   1
10|VEL 0K|9K|2K (8137087 1257799)
10|diff -4065c
-- ts [11582590508]
-- meas [10, 0.933412, 116911.600]
-- ts [11623510508]
-- meas [10, 0.933716, 117270.920]
10|  7K/  0K L3 46dB   359Hz     1Hz 2001      0    248   1
10|VEL 0K|7K|3K (8097887 1265822)
10|diff -4090c
-- ts [11664430508]
-- meas [10, 0.934023, 117629.967]
main_spin: 0, isr_spin: 0, uart err: 0 stat:00000001, src:00000000
-- ts [11705350508]
-- meas [10, 0.934326, 117988.470]
10| -7K/  1K L3 46dB   356Hz     1Hz 2001      0    191   1
10|VEL -2K|-7K|-3K (7894989 1267433)
10|diff -4115c
-- ts [11746270508]
-- meas [10, 0.934633, 118346.105]
-- ts [11787190508]
-- meas [10, 0.934935, 118702.804]
10| -6K/  1K L3 46dB   354Hz     0Hz 2001      0    190   1
10|VEL 2K|-6K|-2K (7891418 1225487)
10|diff -4140c
-- ts [11828110508]
-- meas [10, 0.935241, 119059.384]
-- ts [11869030508]
-- meas [10, 0.935543, 119416.599]
10|  8K/  1K L3 46dB   358Hz     2Hz 2000      0    226   1
10|VEL 0K|8K|0K (7769225 1252431)
10|diff -4164c
main_spin: 0, isr_spin: 0, uart err: 0 stat:00000001, src:00000000
-- ts [11909950508]
-- meas [10, 0.935845, 119773.062]
-- ts [11950870508]
-- meas [10, 0.936149, 120128.401]
10|  6K/ -2K L3 46dB   353Hz     1Hz 2001      0    203   1
10|VEL -1K|6K|2K (7741577 1227889)
10|diff -4189c
-- ts [11991790508]
-- meas [10, 0.936450, 120483.289]
-- ts [12032710508]
-- meas [10, 0.936753, 120838.197]
10|  9K/ -1K L3 46dB   353Hz     3Hz 2000      0    212   1
10|VEL 1K|9K|1K (7667009 1204078)
10|diff -4214c
-- ts [12073630508]
-- meas [10, 0.937054, 121192.331]
main_spin: 0, isr_spin: 0, uart err: 0 stat:00000001, src:00000000
-- ts [12114550508]
-- meas [10, 0.937353, 121545.409]
10| -8K/  1K L3 46dB   351Hz     4Hz 2001      0    197   1
10|VEL -4K|-8K|-1K (7604297 1248129)
10|diff -4238c
-- ts [12155470508]
-- meas [10, 0.937655, 121898.362]
-- ts [12196390508]
-- meas [10, 0.937954, 122251.385]
10|  6K/ -2K L3 46dB   350Hz     0Hz 2001      0    187   1
10|VEL 1K|6K|3K (7526583 1218420)
10|diff -4263c
-- ts [12237310508]
-- meas [10, 0.938251, 122603.123]
main_spin: 0, isr_spin: 0, uart err: 0 stat:00000001, src:00000000
-- ts [12278230508]
-- meas [10, 0.938551, 122954.085]
10|  4K/  1K L3 46dB   353Hz     0Hz 2001      0    205   1
10|VEL 0K|4K|1K (7482816 1258976)
10|diff -4288c
-- ts [12319150508]
-- meas [10, 0.938848, 123304.987]
-- ts [12360070508]
-- meas [10, 0.939146, 123655.482]
10|  7K/ -1K L3 46dB   349Hz     2Hz 2001      0    210   1
10|VEL -1K|7K|0K (7316058 1242468)
10|diff -4312c
-- ts [12400990508]
-- meas [10, 0.939445, 124004.978]
main_spin: 0, isr_spin: 0, uart err: 0 stat:00000001, src:00000000
-- ts [12441910508]
-- meas [10, 0.939740, 124353.994]
10|  7K/ -1K L3 45dB   348Hz     3Hz 2000      0    241   1
10|VEL 3K|7K|1K (7311037 1273447)
10|diff -4336c
-- ts [12482830508]
-- meas [10, 0.940037, 124702.437]
-- ts [12523750508]
-- meas [10, 0.940334, 125050.527]
10| -7K/  1K L3 45dB   345Hz     3Hz 2001      0    197   1
10|VEL -4K|-7K|-2K (7140823 1272304)
10|diff -4360c
-- ts [12564670508]
-- meas [10, 0.940630, 125398.095]
-- ts [12605590508]
-- meas [10, 0.940924, 125744.769]
10| -8K/  1K L3 45dB   344Hz     0Hz 2000      0    243   1
10|VEL 0K|-8K|-6K (7062177 1236184)
10|diff -4385c
main_spin: 0, isr_spin: 0, uart err: 0 stat:00000001, src:00000000
-- ts [12646510508]
-- meas [10, 0.941219, 126091.183]
-- ts [12687430508]
-- meas [10, 0.941512, 126437.394]
10|  5K/  0K L3 45dB   347Hz    -1Hz 2001      0    198   1
10|VEL -2K|5K|3K (7022288 1236873)
10|diff -4409c
-- ts [12728350508]
-- meas [10, 0.941811, 126783.059]
-- ts [12769270508]
-- meas [10, 0.942102, 127127.962]
10|  5K/ -1K L3 45dB   343Hz     3Hz 2000      0    228   1
10|VEL 2K|5K|1K (7039062 1244005)
10|diff -4433c
-- ts [12810190508]
-- meas [10, 0.942392, 127472.617]
main_spin: 0, isr_spin: 0, uart err: 0 stat:00000001, src:00000000
-- ts [12851110508]
-- meas [10, 0.942686, 127816.654]
10|  7K/  0K L3 45dB   344Hz     1Hz 2001      0    210   1
10|VEL 1K|7K|2K (6993848 1244657)
10|diff -4457c
-- ts [12892030508]
-- meas [10, 0.942978, 128160.579]
-- ts [12932950508]
-- meas [10, 0.943268, 128503.440]
10| -7K/  0K L3 45dB   341Hz     2Hz 2001      0    189   1
10|VEL 0K|-7K|-2K (6927603 1282136)
10|diff -4480c
-- ts [12973870508]
-- meas [10, 0.943559, 128845.675]
-- ts [13014790508]
-- meas [10, 0.943852, 129187.421]
10| -7K/ -1K L3 44dB   341Hz     3Hz 2001      0    241   1
10|VEL -1K|-7K|-1K (6770508 1297068)
10|diff -4504c
main_spin: 0, isr_spin: 0, uart err: 0 stat:00000001, src:00000000
-- ts [13055710508]
-- meas [10, 0.944140, 129529.062]
-- ts [13096630508]
-- meas [10, 0.944432, 129870.381]
10|  8K/  1K L3 45dB   342Hz     3Hz 2001      0    214   1
10|VEL 2K|8K|0K (6840091 1243244)
10|diff -4528c
-- ts [13137550508]
-- meas [10, 0.944724, 130210.632]
-- ts [13178470508]
-- meas [10, 0.945007, 130549.538]
10|  5K/  1K L3 45dB   341Hz     1Hz 2000      0    243   1
10|VEL 2K|5K|1K (6767550 1240595)
10|diff -4552c
main_spin: 0, isr_spin: 0, uart err: 0 stat:00000001, src:00000000
-- ts [13219390508]
-- meas [10, 0.945299, 130889.145]
-- ts [13260310508]
-- meas [10, 0.945585, 131227.986]
10| -6K/ -1K L3 45dB   338Hz     3Hz 2001      0    245   1
10|VEL -2K|-6K|0K (6687771 1235726)
10|diff -4575c
-- ts [13301230508]
-- meas [10, 0.945872, 131565.769]
-- ts [13342150508]
-- meas [10, 0.946163, 131902.922]
10| -7K/  1K L3 44dB   336Hz     4Hz 2001      0    189   1
10|VEL -2K|-7K|-3K (6647276 1268761)
10|diff -4599c
main_spin: 0, isr_spin: 0, uart err: 0 stat:00000001, src:00000000
-- ts [13383070508]
-- meas [10, 0.946448, 132240.097]
-- ts [13423990508]
-- meas [10, 0.946731, 132576.794]
10|  3K/ -2K L3 44dB   333Hz     4Hz 2001      0    192   1
10|VEL 1K|3K|-1K (6593967 1227401)
10|diff -4622c
-- ts [13464910508]
-- meas [10, 0.947022, 132913.122]
-- ts [13505830508]
-- meas [10, 0.947301, 133249.210]
10|  6K/ -2K L3 44dB   333Hz     2Hz 2000      0    221   1
10|VEL 0K|6K|1K (6626467 1234749)
10|diff -4646c
-- ts [13546750508]
-- meas [10, 0.947589, 133584.397]
main_spin: 0, isr_spin: 0, uart err: 0 stat:00000001, src:00000000
-- ts [13587670508]
-- meas [10, 0.947876, 133919.051]
10|  4K/ -1K L3 44dB   333Hz     3Hz 2001      0    209   1
10|VEL 0K|4K|0K (6592102 1243395)
10|diff -4669c
-- ts [13628590508]
-- meas [10, 0.948160, 134253.311]
-- ts [13669510508]
-- meas [10, 0.948441, 134586.773]
10|  5K/  0K L3 45dB   333Hz     5Hz 2000      0    228   1
10|VEL 1K|5K|-3K (6566395 1209565)
10|diff -4692c
-- ts [13710430508]
-- meas [10, 0.948727, 134919.910]
main_spin: 0, isr_spin: 0, uart err: 0 stat:00000001, src:00000000
-- ts [13751350508]
-- meas [10, 0.949006, 135252.581]
10|-10K/ -3K L3 44dB   334Hz     3Hz 2001      0    231   1
10|VEL -4K|-10K|-1K (6512179 1238287)
10|diff -4715c
-- ts [13792270508]
-- meas [10, 0.949291, 135584.506]
-- ts [13833190508]
-- meas [10, 0.949570, 135916.060]
10|  6K/  0K L3 44dB   332Hz     6Hz 2001      0    222   1
10|VEL 3K|6K|-4K (6506326 1298884)
10|diff -4738c
-- ts [13874110508]
-- meas [10, 0.949852, 136246.790]
-- ts [13915030508]
-- meas [10, 0.950134, 136576.893]
10|  6K/ -1K L3 44dB   328Hz     2Hz 2001      0    188   1
10|VEL 2K|6K|2K (6390713 1279877)
10|diff -4762c
main_spin: 0, isr_spin: 0, uart err: 0 stat:00000001, src:00000000
-- ts [13955950508]
-- meas [10, 0.950416, 136906.369]
-- ts [13996870508]
-- meas [10, 0.950691, 137235.951]
10| -5K/  0K L3 44dB   328Hz     5Hz 2000      0    197   1
10|VEL -3K|-5K|0K (6463200 1244772)
10|diff -4784c
-- ts [14037790508]
-- meas [10, 0.950969, 137564.827]
-- ts [14078710508]
-- meas [10, 0.951250, 137893.207]
10| -7K/  1K L3 44dB   325Hz     5Hz 2001      0    240   1
10|VEL -4K|-7K|1K (6490873 1249020)
10|diff -4807c
main_spin: 0, isr_spin: 0, uart err: 0 stat:00000001, src:00000000
-- ts [14119630508]
-- meas [10, 0.951528, 138220.964]
-- ts [14160550508]
-- meas [10, 0.951807, 138548.019]
10| -6K/  2K L3 44dB   322Hz     2Hz 2001      0    198   1
10|VEL -2K|-6K|-1K (6487721 1273055)
10|diff -4830c
-- ts [14201470508]
-- meas [10, 0.952086, 138874.570]
-- ts [14242390508]
-- meas [10, 0.952360, 139200.740]
10| -7K/ -2K L3 44dB   328Hz     3Hz 2000      0    240   1
10|VEL -5K|-7K|-2K (6509665 1247991)
10|diff -4853c
-- ts [14283310508]
-- meas [10, 0.952641, 139525.969]
main_spin: 0, isr_spin: 0, uart err: 0 stat:00000001, src:00000000
-- ts [14324230508]
-- meas [10, 0.952915, 139851.116]
10| -7K/ -2K L3 44dB   326Hz     2Hz 2001      0    208   1
10|VEL -1K|-7K|-4K (6507427 1223316)
10|diff -4875c
-- ts [14365150508]
-- meas [10, 0.953191, 140175.413]
-- ts [14406070508]
-- meas [10, 0.953465, 140499.258]
10| -9K/ -1K L3 44dB   323Hz     3Hz 2001      0    203   1
10|VEL -4K|-9K|-3K (6448592 1279517)
10|diff -4898c
-- ts [14446990508]
-- meas [10, 0.953741, 140822.559]
-- ts [14487910508]
-- meas [10, 0.954013, 141145.917]
10| -7K/  0K L3 44dB   322Hz     4Hz 2001      0    203   1
10|VEL -5K|-7K|-2K (6379628 1248954)
10|diff -4920c
main_spin: 0, isr_spin: 0, uart err: 0 stat:00000001, src:00000000
-- ts [14528830508]
-- meas [10, 0.954288, 141468.454]
-- ts [14569750508]
-- meas [10, 0.954560, 141790.256]
10|  6K/ -2K L3 44dB   319Hz     2Hz 2000      0    232   1
10|VEL 1K|6K|0K (6390352 1276173)
10|diff -4943c
-- ts [14610670508]
-- meas [10, 0.954838, 142111.648]
-- ts [14651590508]
-- meas [10, 0.955108, 142432.554]
10| -9K/  0K L3 44dB   319Hz     2Hz 2001      0    220   1
10|VEL -1K|-9K|-1K (6375065 1287581)
10|diff -4965c
main_spin: 0, isr_spin: 0, uart err: 0 stat:00000001, src:00000000
-- ts [14692510508]
-- meas [10, 0.955382, 142752.688]
-- ts [14733430508]
-- meas [10, 0.955652, 143072.793]
10|  6K/  2K L3 44dB   322Hz     2Hz 2000      0    209   1
10|VEL 1K|6K|0K (6342835 1260282)
10|diff -4987c
-- ts [14774350508]
-- meas [10, 0.955924, 143392.187]
-- ts [14815270508]
-- meas [10, 0.956195, 143710.883]
10|  6K/ -5K L3 44dB   313Hz     0Hz 2001      0    219   1
10|VEL -1K|6K|1K (6306880 1255040)
10|diff -5010c
main_spin: 0, isr_spin: 0, uart err: 0 stat:00000001, src:00000000
-- ts [14856190508]
-- meas [10, 0.956465, 144029.282]
-- ts [14897110508]
-- meas [10, 0.956738, 144347.092]
10| -7K/  1K L3 44dB   315Hz     1Hz 2001      0    234   1
10|VEL -3K|-7K|-2K (6253753 1257455)
10|diff -5032c
-- ts [14938030508]
-- meas [10, 0.957002, 144664.171]
-- ts [14978950508]
-- meas [10, 0.957277, 144980.593]
10|  7K/  1K L3 44dB   318Hz    -1Hz 2001      0    209   1
10|VEL -2K|7K|2K (6259463 1259214)
10|diff -5054c
main_spin: 0, isr_spin: 0, uart err: 0 stat:00000001, src:00000000
-- ts [15019870508]
-- meas [10, 0.957543, 145296.687]
-- ts [15060790508]
-- meas [10, 0.957811, 145612.128]
10| -6K/ -1K L3 44dB   316Hz     1Hz 2000      0    249   1
10|VEL -1K|-6K|0K (6226366 1264106)
10|diff -5076c
-- ts [15101710508]
-- meas [10, 0.958079, 145927.659]
-- ts [15142630508]
-- meas [10, 0.958351, 146242.682]
10| -8K/  0K L3 44dB   314Hz     2Hz 2001      0    244   1
10|VEL -3K|-8K|-2K (6158632 1275922)
10|diff -5098c
-- ts [15183550508]
-- meas [10, 0.958616, 146556.876]
main_spin: 0, isr_spin: 0, uart err: 0 stat:00000001, src:00000000
-- ts [15224470508]
-- meas [10, 0.958885, 146870.619]
10| -7K/  1K L3 44dB   312Hz     2Hz 2001      0    190   1
10|VEL -1K|-7K|-2K (6162022 1244775)
10|diff -5120c
-- ts [15265390508]
-- meas [10, 0.959149, 147183.491]
-- ts [15306310508]
-- meas [10, 0.959414, 147495.729]
10| -7K/  1K L3 44dB   310Hz     5Hz 2000      0    208   1
10|VEL -4K|-7K|-1K (6205133 1247379)
10|diff -5141c
-- ts [15347230508]
-- meas [10, 0.959683, 147808.235]
-- ts [15388150508]
-- meas [10, 0.959948, 148119.705]
10| -6K/  0K L3 44dB   310Hz    -2Hz 2001      0    190   1
10|VEL 1K|-6K|-5K (6063899 1235468)
10|diff -5163c
main_spin: 0, isr_spin: 0, uart err: 0 stat:00000001, src:00000000
-- ts [15429070508]
-- meas [10, 0.960209, 148430.444]
