qx2rtkp2 (RTKLIB 2.4.2)

QX_VERSION            = 1
EPH_REFRESH_OFF       = 0
DECYM                 = 0
MAX_PHASE             = 0
DBG_CAR_CLK_ERR_COR   = 0
DBG_RNG_CLK_ERR_COR   = 0
READING BRDC :
  brdc0770-add.23n
READING .qx  :
  track-off.bo
chan_num = 32
isGalileo = 0
*** filtered biases file not found or open error (track-off.bo_preBias.csv-ft.csv)
Out files:
  track-off.bo_ch00.csv
  track-off.bo_ch01.csv
  track-off.bo_ch02.csv
  track-off.bo_ch03.csv
  track-off.bo_ch04.csv
  track-off.bo_ch05.csv
  track-off.bo_ch06.csv
  track-off.bo_ch07.csv
  track-off.bo_ch08.csv
  track-off.bo_ch09.csv
  track-off.bo_ch10.csv
  track-off.bo_ch11.csv
  track-off.bo_ch12.csv
  track-off.bo_ch13.csv
  track-off.bo_ch14.csv
  track-off.bo_ch15.csv
  track-off.bo_ch16.csv
  track-off.bo_ch17.csv
  track-off.bo_ch18.csv
  track-off.bo_ch19.csv
  track-off.bo_ch20.csv
  track-off.bo_ch21.csv
  track-off.bo_ch22.csv
  track-off.bo_ch23.csv
  track-off.bo_ch24.csv
  track-off.bo_ch25.csv
  track-off.bo_ch26.csv
  track-off.bo_ch27.csv
  track-off.bo_ch28.csv
  track-off.bo_ch29.csv
  track-off.bo_ch30.csv
  track-off.bo_ch31.csv
--
reading files ...
IONO: 2.608e-08 7.451e-09 -1.192e-07 0 129000 0 -262100 131100 
-- 604586 rst carr sat 4
point pos error (lack of valid sats ns=4)
TOW: 604585.932 tm: 2023/03/18 23:56:25.932 
point pos error (lack of valid sats ns=4)
point pos error (lack of valid sats ns=4)
point pos error (lack of valid sats ns=4)
point pos error (lack of valid sats ns=4)
point pos error (lack of valid sats ns=4)
point pos error (lack of valid sats ns=5)
point pos error (lack of valid sats ns=5)
point pos error (lack of valid sats ns=5)
point pos error (lack of valid sats ns=5)
point pos error (lack of valid sats ns=5)
point pos error (lack of valid sats ns=5)
TOW: 604596.932 tm: 2023/03/18 23:56:36.932 
point pos error (lack of valid sats ns=6)
point pos error (lack of valid sats ns=6)
point pos error (lack of valid sats ns=6)
point pos error (lack of valid sats ns=6)
point pos error (lack of valid sats ns=6)
point pos error (lack of valid sats ns=6)
point pos error (lack of valid sats ns=6)
point pos error (lack of valid sats ns=6)
point pos error (lack of valid sats ns=6)
point pos error (lack of valid sats ns=6)
point pos error (lack of valid sats ns=6)
TOW: 604607.932 tm: 2023/03/18 23:56:47.932 
point pos error (lack of valid sats ns=6)
point pos error (lack of valid sats ns=6)
point pos error (lack of valid sats ns=6)
point pos error (lack of valid sats ns=6)
point pos error (lack of valid sats ns=6)
point pos error (lack of valid sats ns=6)
point pos error (lack of valid sats ns=6)
TOW: 604618.932 tm: 2023/03/18 23:56:58.932 
TOW: 604629.932 tm: 2023/03/18 23:57:09.932 
TOW: 604640.932 tm: 2023/03/18 23:57:20.932 
TOW: 604651.932 tm: 2023/03/18 23:57:31.932 
TOW: 604662.932 tm: 2023/03/18 23:57:42.932 
TOW: 604673.932 tm: 2023/03/18 23:57:53.932 
TOW: 604684.932 tm: 2023/03/18 23:58:04.932 
TOW: 604695.932 tm: 2023/03/18 23:58:15.932 
TOW: 604706.932 tm: 2023/03/18 23:58:26.932 
TOW: 604717.932 tm: 2023/03/18 23:58:37.932 
TOW: 604728.932 tm: 2023/03/18 23:58:48.932 
TOW: 604739.932 tm: 2023/03/18 23:58:59.932 
TOW: 604750.932 tm: 2023/03/18 23:59:10.932 
TOW: 604761.932 tm: 2023/03/18 23:59:21.932 
TOW: 604772.932 tm: 2023/03/18 23:59:32.932 
TOW: 604783.932 tm: 2023/03/18 23:59:43.932 
TOW: 604794.932 tm: 2023/03/18 23:59:54.932 
point pos error (iteration divergent i=10)
point pos error (lack of valid sats ns=4)
point pos error (lack of valid sats ns=4)
point pos error (lack of valid sats ns=4)
point pos error (lack of valid sats ns=4)
point pos error (lack of valid sats ns=4)
point pos error (lack of valid sats ns=4)
point pos error (lack of valid sats ns=4)
point pos error (lack of valid sats ns=4)
point pos error (lack of valid sats ns=4)
point pos error (lack of valid sats ns=4)
point pos error (lack of valid sats ns=4)
point pos error (lack of valid sats ns=4)
point pos error (lack of valid sats ns=4)
point pos error (lack of valid sats ns=4)
point pos error (lack of valid sats ns=4)
point pos error (lack of valid sats ns=4)
point pos error (lack of valid sats ns=4)
point pos error (lack of valid sats ns=4)
point pos error (lack of valid sats ns=4)
point pos error (lack of valid sats ns=4)
point pos error (lack of valid sats ns=4)
point pos error (lack of valid sats ns=4)
point pos error (lack of valid sats ns=4)
point pos error (lack of valid sats ns=4)
point pos error (lack of valid sats ns=4)
point pos error (lack of valid sats ns=4)
point pos error (lack of valid sats ns=4)
point pos error (lack of valid sats ns=4)
point pos error (lack of valid sats ns=4)
point pos error (lack of valid sats ns=4)
point pos error (lack of valid sats ns=4)
point pos error (lack of valid sats ns=4)
point pos error (lack of valid sats ns=4)
point pos error (lack of valid sats ns=4)
point pos error (lack of valid sats ns=4)
point pos error (lack of valid sats ns=4)
point pos error (lack of valid sats ns=4)
point pos error (lack of valid sats ns=4)
point pos error (lack of valid sats ns=4)
point pos error (lack of valid sats ns=4)
point pos error (lack of valid sats ns=4)
point pos error (lack of valid sats ns=4)
point pos error (lack of valid sats ns=4)
point pos error (lack of valid sats ns=4)
point pos error (lack of valid sats ns=4)
point pos error (lack of valid sats ns=4)
point pos error (lack of valid sats ns=4)
point pos error (lack of valid sats ns=4)
point pos error (lack of valid sats ns=4)
point pos error (lack of valid sats ns=4)
point pos error (lack of valid sats ns=4)
point pos error (lack of valid sats ns=4)
point pos error (lack of valid sats ns=4)
point pos error (lack of valid sats ns=4)
point pos error (lack of valid sats ns=4)
point pos error (lack of valid sats ns=4)
point pos error (lack of valid sats ns=4)
point pos error (lack of valid sats ns=4)
point pos error (lack of valid sats ns=4)
point pos error (lack of valid sats ns=4)
point pos error (lack of valid sats ns=4)
point pos error (lack of valid sats ns=4)
point pos error (lack of valid sats ns=4)
point pos error (lack of valid sats ns=4)
point pos error (lack of valid sats ns=4)
point pos error (lack of valid sats ns=4)
point pos error (lack of valid sats ns=4)
point pos error (lack of valid sats ns=4)
point pos error (lack of valid sats ns=4)
point pos error (lack of valid sats ns=4)
point pos error (lack of valid sats ns=4)
point pos error (lack of valid sats ns=4)
point pos error (lack of valid sats ns=4)
point pos error (lack of valid sats ns=4)
point pos error (lack of valid sats ns=4)
point pos error (lack of valid sats ns=4)
point pos error (lack of valid sats ns=4)
point pos error (lack of valid sats ns=4)
point pos error (lack of valid sats ns=4)
point pos error (lack of valid sats ns=4)
point pos error (lack of valid sats ns=4)
point pos error (lack of valid sats ns=4)
point pos error (lack of valid sats ns=4)
point pos error (lack of valid sats ns=4)
point pos error (lack of valid sats ns=4)
point pos error (lack of valid sats ns=4)
point pos error (lack of valid sats ns=4)
point pos error (lack of valid sats ns=4)
point pos error (lack of valid sats ns=4)
point pos error (lack of valid sats ns=4)
point pos error (lack of valid sats ns=4)
point pos error (lack of valid sats ns=4)
point pos error (lack of valid sats ns=4)
point pos error (lack of valid sats ns=4)
point pos error (lack of valid sats ns=4)
point pos error (lack of valid sats ns=4)
point pos error (lack of valid sats ns=4)
point pos error (lack of valid sats ns=4)
point pos error (lack of valid sats ns=4)
point pos error (lack of valid sats ns=4)
point pos error (lack of valid sats ns=4)
point pos error (lack of valid sats ns=4)
point pos error (lack of valid sats ns=4)
point pos error (lack of valid sats ns=4)
point pos error (lack of valid sats ns=4)
point pos error (lack of valid sats ns=4)
point pos error (lack of valid sats ns=4)
point pos error (lack of valid sats ns=4)
point pos error (lack of valid sats ns=4)
point pos error (lack of valid sats ns=4)
point pos error (lack of valid sats ns=4)
point pos error (lack of valid sats ns=4)
point pos error (lack of valid sats ns=4)
point pos error (lack of valid sats ns=4)
point pos error (lack of valid sats ns=4)
point pos error (lack of valid sats ns=4)
point pos error (lack of valid sats ns=4)
point pos error (lack of valid sats ns=4)
point pos error (lack of valid sats ns=4)
point pos error (lack of valid sats ns=4)
point pos error (lack of valid sats ns=4)
point pos error (lack of valid sats ns=4)
point pos error (lack of valid sats ns=4)
point pos error (lack of valid sats ns=4)
point pos error (lack of valid sats ns=4)
point pos error (lack of valid sats ns=4)
point pos error (lack of valid sats ns=4)
point pos error (lack of valid sats ns=4)
point pos error (lack of valid sats ns=4)
point pos error (lack of valid sats ns=4)
point pos error (lack of valid sats ns=4)
point pos error (lack of valid sats ns=4)
point pos error (lack of valid sats ns=4)
point pos error (lack of valid sats ns=4)
point pos error (lack of valid sats ns=4)
point pos error (lack of valid sats ns=4)
point pos error (lack of valid sats ns=4)
point pos error (lack of valid sats ns=4)
point pos error (lack of valid sats ns=4)
point pos error (lack of valid sats ns=4)
point pos error (lack of valid sats ns=4)
point pos error (lack of valid sats ns=4)
point pos error (lack of valid sats ns=4)
point pos error (lack of valid sats ns=4)
point pos error (lack of valid sats ns=4)
point pos error (lack of valid sats ns=4)
point pos error (lack of valid sats ns=4)
point pos error (lack of valid sats ns=4)
point pos error (lack of valid sats ns=4)
point pos error (lack of valid sats ns=4)
point pos error (lack of valid sats ns=4)
point pos error (lack of valid sats ns=4)
point pos error (lack of valid sats ns=4)
point pos error (lack of valid sats ns=4)
point pos error (lack of valid sats ns=4)
point pos error (lack of valid sats ns=4)
point pos error (lack of valid sats ns=4)
point pos error (lack of valid sats ns=4)
point pos error (lack of valid sats ns=4)
point pos error (lack of valid sats ns=4)
point pos error (lack of valid sats ns=4)
point pos error (lack of valid sats ns=4)
point pos error (lack of valid sats ns=4)
point pos error (lack of valid sats ns=4)
point pos error (lack of valid sats ns=4)
point pos error (lack of valid sats ns=4)
point pos error (lack of valid sats ns=4)
point pos error (lack of valid sats ns=4)
point pos error (lack of valid sats ns=4)
point pos error (lack of valid sats ns=4)
point pos error (lack of valid sats ns=4)
point pos error (lack of valid sats ns=4)
point pos error (lack of valid sats ns=4)
point pos error (lack of valid sats ns=4)
point pos error (lack of valid sats ns=4)
point pos error (lack of valid sats ns=4)
point pos error (lack of valid sats ns=4)
point pos error (lack of valid sats ns=4)
point pos error (lack of valid sats ns=4)
point pos error (lack of valid sats ns=4)
point pos error (lack of valid sats ns=4)
point pos error (lack of valid sats ns=4)
point pos error (lack of valid sats ns=4)
point pos error (lack of valid sats ns=4)
point pos error (lack of valid sats ns=4)
point pos error (lack of valid sats ns=4)
point pos error (lack of valid sats ns=4)
point pos error (lack of valid sats ns=4)
point pos error (lack of valid sats ns=4)
point pos error (lack of valid sats ns=4)
point pos error (lack of valid sats ns=4)
point pos error (lack of valid sats ns=4)
point pos error (lack of valid sats ns=4)
point pos error (lack of valid sats ns=4)
point pos error (lack of valid sats ns=4)
point pos error (lack of valid sats ns=4)
point pos error (lack of valid sats ns=4)
point pos error (lack of valid sats ns=4)
point pos error (lack of valid sats ns=4)
point pos error (lack of valid sats ns=4)
point pos error (lack of valid sats ns=4)
point pos error (lack of valid sats ns=4)
point pos error (lack of valid sats ns=4)
point pos error (lack of valid sats ns=4)
point pos error (lack of valid sats ns=4)
point pos error (lack of valid sats ns=4)
point pos error (lack of valid sats ns=4)
point pos error (lack of valid sats ns=4)
point pos error (lack of valid sats ns=4)
point pos error (lack of valid sats ns=4)
point pos error (lack of valid sats ns=4)
point pos error (lack of valid sats ns=4)
point pos error (lack of valid sats ns=4)
point pos error (lack of valid sats ns=4)
point pos error (lack of valid sats ns=4)
point pos error (lack of valid sats ns=4)
point pos error (lack of valid sats ns=4)
point pos error (lack of valid sats ns=4)
point pos error (lack of valid sats ns=4)
point pos error (lack of valid sats ns=4)
point pos error (lack of valid sats ns=4)
point pos error (lack of valid sats ns=4)
point pos error (lack of valid sats ns=4)
point pos error (lack of valid sats ns=4)
point pos error (lack of valid sats ns=4)
point pos error (lack of valid sats ns=4)
point pos error (lack of valid sats ns=4)
point pos error (lack of valid sats ns=4)
point pos error (lack of valid sats ns=4)
point pos error (lack of valid sats ns=4)
point pos error (lack of valid sats ns=4)
point pos error (lack of valid sats ns=4)
point pos error (lack of valid sats ns=4)
point pos error (lack of valid sats ns=4)
point pos error (lack of valid sats ns=4)
point pos error (lack of valid sats ns=4)
point pos error (lack of valid sats ns=4)
point pos error (lack of valid sats ns=4)
point pos error (lack of valid sats ns=4)
point pos error (lack of valid sats ns=4)
point pos error (lack of valid sats ns=4)
point pos error (lack of valid sats ns=4)
point pos error (lack of valid sats ns=4)
point pos error (lack of valid sats ns=4)
point pos error (lack of valid sats ns=4)
point pos error (lack of valid sats ns=4)
point pos error (lack of valid sats ns=4)
point pos error (lack of valid sats ns=4)
point pos error (lack of valid sats ns=4)
point pos error (lack of valid sats ns=4)
point pos error (lack of valid sats ns=4)
point pos error (lack of valid sats ns=4)
point pos error (lack of valid sats ns=4)
point pos error (lack of valid sats ns=4)
point pos error (lack of valid sats ns=4)
point pos error (lack of valid sats ns=4)
point pos error (lack of valid sats ns=4)
point pos error (lack of valid sats ns=4)
point pos error (lack of valid sats ns=4)
point pos error (lack of valid sats ns=4)
point pos error (lack of valid sats ns=4)
point pos error (lack of valid sats ns=4)
point pos error (lack of valid sats ns=4)
point pos error (lack of valid sats ns=4)
point pos error (lack of valid sats ns=4)
point pos error (lack of valid sats ns=4)
point pos error (lack of valid sats ns=4)
point pos error (lack of valid sats ns=4)
point pos error (lack of valid sats ns=4)
point pos error (lack of valid sats ns=4)
point pos error (lack of valid sats ns=4)
point pos error (lack of valid sats ns=4)
point pos error (lack of valid sats ns=4)
point pos error (lack of valid sats ns=4)
point pos error (lack of valid sats ns=4)
point pos error (lack of valid sats ns=4)
point pos error (lack of valid sats ns=4)
point pos error (lack of valid sats ns=4)
point pos error (lack of valid sats ns=4)
point pos error (lack of valid sats ns=4)
point pos error (lack of valid sats ns=4)
point pos error (lack of valid sats ns=4)
point pos error (lack of valid sats ns=4)
point pos error (lack of valid sats ns=4)
point pos error (lack of valid sats ns=4)
point pos error (lack of valid sats ns=4)
point pos error (lack of valid sats ns=4)
point pos error (lack of valid sats ns=4)
point pos error (lack of valid sats ns=4)
point pos error (lack of valid sats ns=4)
point pos error (lack of valid sats ns=4)
point pos error (lack of valid sats ns=4)
point pos error (lack of valid sats ns=4)
point pos error (lack of valid sats ns=4)
point pos error (lack of valid sats ns=4)
point pos error (lack of valid sats ns=4)
point pos error (lack of valid sats ns=4)
point pos error (lack of valid sats ns=4)
point pos error (lack of valid sats ns=4)
point pos error (lack of valid sats ns=4)
point pos error (lack of valid sats ns=4)
point pos error (lack of valid sats ns=4)
point pos error (lack of valid sats ns=4)
point pos error (lack of valid sats ns=4)
point pos error (lack of valid sats ns=4)
point pos error (lack of valid sats ns=4)
point pos error (lack of valid sats ns=4)
point pos error (lack of valid sats ns=4)
point pos error (lack of valid sats ns=4)
point pos error (lack of valid sats ns=4)
point pos error (lack of valid sats ns=4)
point pos error (lack of valid sats ns=4)
point pos error (lack of valid sats ns=4)
point pos error (lack of valid sats ns=4)
point pos error (lack of valid sats ns=4)
EOF 
num_obs = 3902
DONE
