qx2rtkp2 (RTKLIB 2.4.2)

QX_VERSION            = 1
DECYM                 = 0
MAX_PHASE             = 9000000
DBG_CAR_CLK_ERR_COR   = 0
DBG_RNG_CLK_ERR_COR   = 0
READING BRDC :
  brdc3540.14n
READING .qx  :
  meas.bo
chan_num = 16
isGalileo = 0
*** filtered biases file not found or open error (meas.bo_preBias.csv-ft.csv)
Out files:
  meas.bo_ch00.csv
  meas.bo_ch01.csv
  meas.bo_ch02.csv
  meas.bo_ch03.csv
  meas.bo_ch04.csv
  meas.bo_ch05.csv
  meas.bo_ch06.csv
  meas.bo_ch07.csv
  meas.bo_ch08.csv
  meas.bo_ch09.csv
  meas.bo_ch10.csv
  meas.bo_ch11.csv
  meas.bo_ch12.csv
  meas.bo_ch13.csv
  meas.bo_ch14.csv
  meas.bo_ch15.csv
--
reading files ...
IONO: 2.887e-08 2.235e-08 -1.192e-07 5.96e-08 153600 -196600 -65540 393200 
-- 518401 rst carr sat 2
-- 518401 rst carr sat 24
-- 518401 rst carr sat 6
-- 518401 rst carr sat 29
-- 518401 rst carr sat 14
-- 518401 rst carr sat 25
-- 518401 rst carr sat 12
TOW: 518401 tm: 2014/12/20 00:00:01.226 
TOW: 518411 tm: 2014/12/20 00:00:11.276 
TOW: 518421 tm: 2014/12/20 00:00:21.326 
TOW: 518431 tm: 2014/12/20 00:00:31.376 
TOW: 518441 tm: 2014/12/20 00:00:41.426 
TOW: 518451 tm: 2014/12/20 00:00:51.476 
TOW: 518461 tm: 2014/12/20 00:01:01.526 
TOW: 518471 tm: 2014/12/20 00:01:11.576 
TOW: 518481 tm: 2014/12/20 00:01:21.626 
TOW: 518491 tm: 2014/12/20 00:01:31.676 
TOW: 518501 tm: 2014/12/20 00:01:41.726 
TOW: 518511 tm: 2014/12/20 00:01:51.776 
TOW: 518521 tm: 2014/12/20 00:02:01.826 
TOW: 518531 tm: 2014/12/20 00:02:11.876 
TOW: 518541 tm: 2014/12/20 00:02:21.926 
TOW: 518551 tm: 2014/12/20 00:02:31.976 
TOW: 518562 tm: 2014/12/20 00:02:42.026 
TOW: 518572 tm: 2014/12/20 00:02:52.076 
TOW: 518582 tm: 2014/12/20 00:03:02.126 
TOW: 518592 tm: 2014/12/20 00:03:12.176 
TOW: 518602 tm: 2014/12/20 00:03:22.226 
TOW: 518612 tm: 2014/12/20 00:03:32.276 
TOW: 518622 tm: 2014/12/20 00:03:42.326 
TOW: 518632 tm: 2014/12/20 00:03:52.376 
TOW: 518642 tm: 2014/12/20 00:04:02.426 
TOW: 518652 tm: 2014/12/20 00:04:12.476 
TOW: 518662 tm: 2014/12/20 00:04:22.526 
TOW: 518672 tm: 2014/12/20 00:04:32.576 
TOW: 518682 tm: 2014/12/20 00:04:42.626 
TOW: 518692 tm: 2014/12/20 00:04:52.676 
TOW: 518702 tm: 2014/12/20 00:05:02.726 
TOW: 518712 tm: 2014/12/20 00:05:12.776 
TOW: 518722 tm: 2014/12/20 00:05:22.826 
TOW: 518732 tm: 2014/12/20 00:05:32.876 
TOW: 518742 tm: 2014/12/20 00:05:42.926 
TOW: 518752 tm: 2014/12/20 00:05:52.976 
TOW: 518763 tm: 2014/12/20 00:06:03.026 
TOW: 518773 tm: 2014/12/20 00:06:13.076 
TOW: 518783 tm: 2014/12/20 00:06:23.126 
TOW: 518793 tm: 2014/12/20 00:06:33.176 
TOW: 518803 tm: 2014/12/20 00:06:43.226 
TOW: 518813 tm: 2014/12/20 00:06:53.276 
TOW: 518823 tm: 2014/12/20 00:07:03.326 
TOW: 518833 tm: 2014/12/20 00:07:13.376 
TOW: 518843 tm: 2014/12/20 00:07:23.426 
TOW: 518853 tm: 2014/12/20 00:07:33.476 
TOW: 518863 tm: 2014/12/20 00:07:43.526 
TOW: 518873 tm: 2014/12/20 00:07:53.576 
TOW: 518883 tm: 2014/12/20 00:08:03.626 
TOW: 518893 tm: 2014/12/20 00:08:13.691 
TOW: 518903 tm: 2014/12/20 00:08:23.701 
TOW: 518913 tm: 2014/12/20 00:08:33.711 
TOW: 518923 tm: 2014/12/20 00:08:43.721 
TOW: 518933 tm: 2014/12/20 00:08:53.731 
TOW: 518943 tm: 2014/12/20 00:09:03.741 
TOW: 518953 tm: 2014/12/20 00:09:13.751 
TOW: 518963 tm: 2014/12/20 00:09:23.761 
TOW: 518973 tm: 2014/12/20 00:09:33.771 
TOW: 518983 tm: 2014/12/20 00:09:43.781 
TOW: 518993 tm: 2014/12/20 00:09:53.791 
TOW: 519003 tm: 2014/12/20 00:10:03.801 
TOW: 519013 tm: 2014/12/20 00:10:13.811 
TOW: 519023 tm: 2014/12/20 00:10:23.821 
TOW: 519033 tm: 2014/12/20 00:10:33.831 
TOW: 519043 tm: 2014/12/20 00:10:43.841 
TOW: 519053 tm: 2014/12/20 00:10:53.851 
TOW: 519063 tm: 2014/12/20 00:11:03.861 
TOW: 519073 tm: 2014/12/20 00:11:13.871 
TOW: 519083 tm: 2014/12/20 00:11:23.881 
TOW: 519093 tm: 2014/12/20 00:11:33.891 
TOW: 519103 tm: 2014/12/20 00:11:43.901 
TOW: 519113 tm: 2014/12/20 00:11:53.911 
TOW: 519123 tm: 2014/12/20 00:12:03.921 
TOW: 519133 tm: 2014/12/20 00:12:13.931 
TOW: 519143 tm: 2014/12/20 00:12:23.941 
TOW: 519153 tm: 2014/12/20 00:12:33.951 
TOW: 519163 tm: 2014/12/20 00:12:43.961 
TOW: 519173 tm: 2014/12/20 00:12:53.971 
TOW: 519183 tm: 2014/12/20 00:13:03.981 
TOW: 519193 tm: 2014/12/20 00:13:13.991 
TOW: 519204 tm: 2014/12/20 00:13:24.001 
TOW: 519214 tm: 2014/12/20 00:13:34.011 
TOW: 519224 tm: 2014/12/20 00:13:44.021 
TOW: 519234 tm: 2014/12/20 00:13:54.031 
TOW: 519244 tm: 2014/12/20 00:14:04.041 
TOW: 519254 tm: 2014/12/20 00:14:14.051 
TOW: 519264 tm: 2014/12/20 00:14:24.061 
TOW: 519274 tm: 2014/12/20 00:14:34.071 
TOW: 519284 tm: 2014/12/20 00:14:44.081 
TOW: 519294 tm: 2014/12/20 00:14:54.091 
TOW: 519304 tm: 2014/12/20 00:15:04.101 
TOW: 519314 tm: 2014/12/20 00:15:14.111 
TOW: 519324 tm: 2014/12/20 00:15:24.121 
TOW: 519334 tm: 2014/12/20 00:15:34.131 
TOW: 519344 tm: 2014/12/20 00:15:44.141 
TOW: 519354 tm: 2014/12/20 00:15:54.151 
TOW: 519364 tm: 2014/12/20 00:16:04.161 
TOW: 519374 tm: 2014/12/20 00:16:14.171 
TOW: 519384 tm: 2014/12/20 00:16:24.181 
TOW: 519394 tm: 2014/12/20 00:16:34.191 
TOW: 519404 tm: 2014/12/20 00:16:44.201 
TOW: 519414 tm: 2014/12/20 00:16:54.211 
TOW: 519424 tm: 2014/12/20 00:17:04.221 
TOW: 519434 tm: 2014/12/20 00:17:14.231 
TOW: 519444 tm: 2014/12/20 00:17:24.241 
TOW: 519454 tm: 2014/12/20 00:17:34.251 
TOW: 519464 tm: 2014/12/20 00:17:44.261 
TOW: 519474 tm: 2014/12/20 00:17:54.271 
TOW: 519484 tm: 2014/12/20 00:18:04.281 
TOW: 519494 tm: 2014/12/20 00:18:14.291 
TOW: 519504 tm: 2014/12/20 00:18:24.301 
TOW: 519514 tm: 2014/12/20 00:18:34.311 
TOW: 519524 tm: 2014/12/20 00:18:44.321 
TOW: 519534 tm: 2014/12/20 00:18:54.331 
TOW: 519544 tm: 2014/12/20 00:19:04.341 
TOW: 519554 tm: 2014/12/20 00:19:14.351 
TOW: 519564 tm: 2014/12/20 00:19:24.361 
TOW: 519574 tm: 2014/12/20 00:19:34.371 
TOW: 519584 tm: 2014/12/20 00:19:44.381 
TOW: 519594 tm: 2014/12/20 00:19:54.391 
TOW: 519604 tm: 2014/12/20 00:20:04.401 
TOW: 519614 tm: 2014/12/20 00:20:14.411 
TOW: 519624 tm: 2014/12/20 00:20:24.421 
TOW: 519634 tm: 2014/12/20 00:20:34.432 
TOW: 519644 tm: 2014/12/20 00:20:44.442 
TOW: 519654 tm: 2014/12/20 00:20:54.452 
TOW: 519664 tm: 2014/12/20 00:21:04.462 
TOW: 519674 tm: 2014/12/20 00:21:14.472 
TOW: 519684 tm: 2014/12/20 00:21:24.482 
TOW: 519694 tm: 2014/12/20 00:21:34.492 
TOW: 519704 tm: 2014/12/20 00:21:44.502 
EOF 
num_obs = 74946
DONE
